<?xml version="1.0" encoding="UTF-8"?>
<testng-results ignored="0" total="1" passed="1" failed="0" skipped="0">
  <reporter-output>
  </reporter-output>
  <suite started-at="2022-12-20T15:44:06 IST" name="Suite" finished-at="2022-12-20T15:44:06 IST" duration-ms="93">
    <groups>
    </groups>
    <test started-at="2022-12-20T15:44:06 IST" name="Test" finished-at="2022-12-20T15:44:06 IST" duration-ms="93">
      <class name="Sample.Sample1">
        <test-method signature="main()[pri:0, instance:Sample.Sample1@366647c2]" started-at="2022-12-20T15:44:06 IST" name="main" finished-at="2022-12-20T15:44:06 IST" duration-ms="22" status="PASS">
          <reporter-output>
          </reporter-output>
        </test-method> <!-- main -->
      </class> <!-- Sample.Sample1 -->
    </test> <!-- Test -->
  </suite> <!-- Suite -->
</testng-results>
